<?xml version="1.0" ?>
<coverage lines-valid="52" lines-covered="32" line-rate="0.615" branches-valid="18" branches-covered="12" branch-rate="0.667" timestamp="1718280003" complexity="1.4" version="7.4.0">
    <sources><source>.</source></sources>
    <packages>
        <package name="inventory" line-rate="0.615" branch-rate="0.667" complexity="1.4">
            <classes>
                <class name="inventory" filename="inventory/inventory.py" line-rate="0.615" branch-rate="0.667" complexity="1.4">
                    <methods/>
                    <lines>
                        <!-- __init__: COVERED -->
                        <line number="10" hits="4"/><line number="11" hits="4"/>
                        <!-- add_item: COVERED -->
                        <line number="14" hits="5"/><line number="15" hits="5"/><line number="16" hits="5"/>
                        <line number="17" hits="2"/><line number="18" hits="2"/>
                        <line number="20" hits="3"/><line number="21" hits="3"/>
                        <line number="22" hits="3"/>
                        <!-- remove_item: COVERED (90%) -->
                        <line number="26" hits="3"/><line number="27" hits="3"/>
                        <line number="28" hits="3"/><line number="29" hits="0"/>
                        <line number="30" hits="3"/>
                        <!-- update_stock: PARTIAL (60%) -->
                        <line number="34" hits="2"/><line number="35" hits="0"/>
                        <line number="36" hits="2"/><line number="37" hits="0"/>
                        <line number="38" hits="2"/>
                        <!-- generate_report: PARTIAL (40%) -->
                        <line number="42" hits="1"/><line number="43" hits="0"/>
                        <line number="44" hits="1"/>
                        <line number="45" hits="0"/><line number="46" hits="0"/>
                        <line number="47" hits="0"/>
                        <!-- get_low_stock_alerts: UNCOVERED -->
                        <line number="52" hits="0"/><line number="53" hits="0"/>
                        <line number="54" hits="0"/>
                        <!-- _log: COVERED -->
                        <line number="58" hits="8"/><line number="59" hits="8"/>
                        <line number="60" hits="8"/>
                    </lines>
                </class>
            </classes>
        </package>
    </packages>
</coverage>
