<?xml version="1.0" ?>
<coverage branch-rate="0" branches-covered="0" branches-valid="0" complexity="0" line-rate="0.5" lines-covered="3" lines-valid="6" timestamp="1710000000" version="6.2">
  <sources>
    <source>/workspace/sample_projects/dragon_bank</source>
  </sources>
  <packages>
    <package branch-rate="0" complexity="0" line-rate="0.5" name="dragon_bank">
      <classes>
        <class branch-rate="0" complexity="0" filename="dragon_bank.py" line-rate="0.5" name="dragon_bank.py">
          <methods/>
          <lines>
            <line hits="1" number="1"/>
            <line hits="0" number="2"/>
          </lines>
        </class>
        <class branch-rate="0" complexity="0" filename="galaxy_engine.py" line-rate="0.5" name="galaxy_engine.py">
          <methods/>
          <lines>
            <line hits="1" number="1"/>
            <line hits="0" number="2"/>
          </lines>
        </class>
        <class branch-rate="0" complexity="0" filename="mars_payments.py" line-rate="0.5" name="mars_payments.py">
          <methods/>
          <lines>
            <line hits="1" number="1"/>
            <line hits="0" number="2"/>
          </lines>
        </class>
      </classes>
    </package>
  </packages>
</coverage>
