<?xml version="1.0" ?>
<coverage branch-rate="0.5" line-rate="0.75" timestamp="1234567890" version="1.0">
  <sources>
    <source>/app</source>
  </sources>
  <packages>
    <package branch-rate="0.5" complexity="0.0" line-rate="0.75" name="test">
      <classes>
        <class branch-rate="0.5" complexity="0.0" filename="test.py" line-rate="0.75" name="test">
          <methods/>
          <lines>
            <line hits="1" number="1"/>
          </lines>
        </class>
      </classes>
    </package>
  </packages>
</coverage>
